#
# There is insufficient memory for the Java Runtime Environment to continue.
# Native memory allocation (malloc) failed to allocate 1067136 bytes for Chunk::new
# Possible reasons:
#   The system is out of physical RAM or swap space
#   The process is running with CompressedOops enabled, and the Java Heap may be blocking the growth of the native heap
# Possible solutions:
#   Reduce memory load on the system
#   Increase physical memory or swap space
#   Check if swap backing store is full
#   Decrease Java heap size (-Xmx/-Xms)
#   Decrease number of Java threads
#   Decrease Java thread stack sizes (-Xss)
#   Set larger code cache with -XX:ReservedCodeCacheSize=
#   JVM is running with Unscaled Compressed Oops mode in which the Java heap is
#     placed in the first 4GB address space. The Java Heap base address is the
#     maximum limit for the native heap growth. Please use -XX:HeapBaseMinAddress
#     to set the Java Heap base and to place the Java Heap above 4GB virtual address.
# This output file may be truncated or incomplete.
#
#  Out of Memory Error (allocation.cpp:389), pid=10836, tid=0x0000000000002208
#
# JRE version: OpenJDK Runtime Environment (8.0_242-b01) (build 1.8.0_242-release-1644-b01)
# Java VM: OpenJDK 64-Bit Server VM (25.242-b01 mixed mode windows-amd64 compressed oops)
# Failed to write core dump. Minidumps are not enabled by default on client versions of Windows
#

---------------  T H R E A D  ---------------

Current thread (0x0000000016241800):  JavaThread "C2 CompilerThread0" daemon [_thread_in_native, id=8712, stack(0x0000000017b90000,0x0000000017c90000)]

Stack: [0x0000000017b90000,0x0000000017c90000]
[error occurred during error reporting (printing stack bounds), id 0xc0000005]

Native frames: (J=compiled Java code, j=interpreted, Vv=VM code, C=native code)


Current CompileTask:
C2:1027619 27918       4       org.gradle.api.internal.artifacts.ivyservice.resolveengine.graph.builder.ModuleResolveState::maybeUpdateSelection (70 bytes)


---------------  P R O C E S S  ---------------

Java Threads: ( => current thread )
  0x0000000018ed2800 JavaThread "Cache worker for file content cache (D:\work\WanAndroidMVVM\.gradle\5.6.4\fileContent)" [_thread_blocked, id=9620, stack(0x0000000023bd0000,0x0000000023cd0000)]
  0x0000000018ed9000 JavaThread "Cache worker for Build Output Cleanup Cache (D:\work\WanAndroidMVVM\.gradle\buildOutputCleanup)" [_thread_blocked, id=9032, stack(0x0000000023ad0000,0x0000000023bd0000)]
  0x0000000018ed8800 JavaThread "pool-11-thread-1" [_thread_blocked, id=13192, stack(0x00000000230f0000,0x00000000231f0000)]
  0x0000000018ecf800 JavaThread "Build operations Thread 4" [_thread_blocked, id=5180, stack(0x0000000021f80000,0x0000000022080000)]
  0x0000000018ed1000 JavaThread "Build operations Thread 3" [_thread_blocked, id=16464, stack(0x00000000212e0000,0x00000000213e0000)]
  0x0000000018ed4000 JavaThread "Build operations Thread 2" [_thread_blocked, id=2168, stack(0x0000000020de0000,0x0000000020ee0000)]
  0x0000000018ed0000 JavaThread "Build operations" [_thread_blocked, id=12636, stack(0x00000000208e0000,0x00000000209e0000)]
  0x0000000018ed6000 JavaThread "Cache worker for cache directory md-rule (C:\Users\Grechur\.gradle\caches\5.6.4\md-rule)" [_thread_blocked, id=8476, stack(0x00000000207e0000,0x00000000208e0000)]
  0x000000001c488000 JavaThread "Cache worker for cache directory md-supplier (C:\Users\Grechur\.gradle\caches\5.6.4\md-supplier)" [_thread_blocked, id=13468, stack(0x00000000206e0000,0x00000000207e0000)]
  0x000000001c487800 JavaThread "Cache worker for file hash cache (D:\work\WanAndroidMVVM\.gradle\5.6.4\fileHashes)" [_thread_blocked, id=13736, stack(0x0000000020140000,0x0000000020240000)]
  0x000000001c489800 JavaThread "Thread-124" [_thread_blocked, id=8800, stack(0x000000001fd40000,0x000000001fe40000)]
  0x000000001c489000 JavaThread "Stdin handler" [_thread_blocked, id=16548, stack(0x000000001f630000,0x000000001f730000)]
  0x000000001c48d800 JavaThread "Asynchronous log dispatcher for DefaultDaemonConnection: socket connection from /127.0.0.1:59328 to /127.0.0.1:59814" [_thread_blocked, id=16124, stack(0x000000001ccb0000,0x000000001cdb0000)]
  0x000000001c48c000 JavaThread "Daemon worker Thread 5" [_thread_in_Java, id=1556, stack(0x000000001b5e0000,0x000000001b6e0000)]
  0x000000001c48c800 JavaThread "Cancel handler" [_thread_blocked, id=2716, stack(0x000000001b4e0000,0x000000001b5e0000)]
  0x000000001c48a800 JavaThread "Handler for socket connection from /127.0.0.1:59328 to /127.0.0.1:59814" [_thread_in_native, id=18336, stack(0x000000001ade0000,0x000000001aee0000)]
  0x000000001c48e000 JavaThread "Daemon Thread 5" [_thread_blocked, id=644, stack(0x0000000000720000,0x0000000000820000)]
  0x000000001d4ea000 JavaThread "Cache worker for Java compile cache (C:\Users\Grechur\.gradle\caches\5.6.4\javaCompile)" [_thread_blocked, id=12560, stack(0x00000000239d0000,0x0000000023ad0000)]
  0x0000000018edd800 JavaThread "Cache worker for file content cache (C:\Users\Grechur\.gradle\caches\5.6.4\fileContent)" [_thread_blocked, id=5544, stack(0x0000000021e80000,0x0000000021f80000)]
  0x0000000018edd000 JavaThread "Memory manager" [_thread_blocked, id=17108, stack(0x0000000023290000,0x0000000023390000)]
  0x0000000018ed1800 JavaThread "Cache worker for execution history cache (C:\Users\Grechur\.gradle\caches\5.6.4\executionHistory)" [_thread_blocked, id=19168, stack(0x000000001fe40000,0x000000001ff40000)]
  0x0000000019a7b000 JavaThread "Cache worker for journal cache (C:\Users\Grechur\.gradle\caches\journal-1)" [_thread_blocked, id=14684, stack(0x000000001bae0000,0x000000001bbe0000)]
  0x0000000019a7a800 JavaThread "File lock request listener" [_thread_in_native, id=15524, stack(0x000000001b9e0000,0x000000001bae0000)]
  0x0000000019a7c000 JavaThread "Cache worker for file hash cache (C:\Users\Grechur\.gradle\caches\5.6.4\fileHashes)" [_thread_blocked, id=4488, stack(0x000000001b8e0000,0x000000001b9e0000)]
  0x00000000199e2800 JavaThread "Daemon periodic checks" [_thread_blocked, id=8500, stack(0x000000001ace0000,0x000000001ade0000)]
  0x00000000199e2000 JavaThread "Incoming local TCP Connector on port 59328" [_thread_in_native, id=9096, stack(0x000000001ab30000,0x000000001ac30000)]
  0x0000000019928000 JavaThread "Daemon health stats" [_thread_blocked, id=9636, stack(0x000000001a830000,0x000000001a930000)]
  0x00000000175a4000 JavaThread "Service Thread" daemon [_thread_blocked, id=16776, stack(0x0000000017e90000,0x0000000017f90000)]
  0x000000001759d000 JavaThread "C1 CompilerThread2" daemon [_thread_blocked, id=13660, stack(0x0000000017d90000,0x0000000017e90000)]
  0x000000001759a800 JavaThread "C2 CompilerThread1" daemon [_thread_in_native, id=15696, stack(0x0000000017c90000,0x0000000017d90000)]
=>0x0000000016241800 JavaThread "C2 CompilerThread0" daemon [_thread_in_native, id=8712, stack(0x0000000017b90000,0x0000000017c90000)]
  0x0000000016241000 JavaThread "Attach Listener" daemon [_thread_blocked, id=14308, stack(0x0000000017a90000,0x0000000017b90000)]
  0x000000001622b000 JavaThread "Signal Dispatcher" daemon [_thread_blocked, id=17844, stack(0x0000000017990000,0x0000000017a90000)]
  0x00000000028be000 JavaThread "Finalizer" daemon [_thread_blocked, id=5532, stack(0x0000000017490000,0x0000000017590000)]
  0x0000000016219800 JavaThread "Reference Handler" daemon [_thread_blocked, id=7476, stack(0x0000000017390000,0x0000000017490000)]
  0x00000000027c2800 JavaThread "main" [_thread_blocked, id=14424, stack(0x00000000025d0000,0x00000000026d0000)]

Other Threads:
  0x00000000161f6800 VMThread [stack: 0x0000000017290000,0x0000000017390000] [id=18708]
  0x00000000175a4800 WatcherThread [stack: 0x0000000017f90000,0x0000000018090000] [id=15560]

VM state:not at safepoint (normal execution)

VM Mutex/Monitor currently owned by a thread: None

heap address: 0x00000000a0000000, size: 1536 MB, Compressed Oops mode: 32-bit
Narrow klass base: 0x0000000000000000, Narrow klass shift: 3
Compressed class space size: 1073741824 Address: 0x0000000100000000

Heap:
 PSYoungGen      total 401920K, used 142080K [0x00000000e0000000, 0x0000000100000000, 0x0000000100000000)
  eden space 279552K, 30% used [0x00000000e0000000,0x00000000e52d5498,0x00000000f1100000)
  from space 122368K, 46% used [0x00000000f1100000,0x00000000f48eae30,0x00000000f8880000)
  to   space 119296K, 0% used [0x00000000f8b80000,0x00000000f8b80000,0x0000000100000000)
 ParOldGen       total 445952K, used 201103K [0x00000000a0000000, 0x00000000bb380000, 0x00000000e0000000)
  object space 445952K, 45% used [0x00000000a0000000,0x00000000ac463f18,0x00000000bb380000)
 Metaspace       used 146042K, capacity 152542K, committed 153128K, reserved 1183744K
  class space    used 17733K, capacity 19076K, committed 19240K, reserved 1048576K

Card table byte_map: [0x0000000011c80000,0x0000000011f90000] byte_map_base: 0x0000000011780000

Marking Bits: (ParMarkBitMap*) 0x000000007665f030
 Begin Bits: [0x0000000012590000, 0x0000000013d90000)
 End Bits:   [0x0000000013d90000, 0x0000000015590000)

Polling page: 0x00000000001f0000

CodeCache: size=245760Kb used=79767Kb max_used=79962Kb free=165992Kb
 bounds [0x00000000028c0000, 0x0000000007770000, 0x00000000118c0000]
 total_blobs=22962 nmethods=22044 adapters=826
 compilation: enabled

Compilation events (10 events):
Event: 1027.530 Thread 0x000000001759d000 nmethod 28101 0x00000000036b33d0 code [0x00000000036b3520, 0x00000000036b3610]
Event: 1027.530 Thread 0x000000001759d000 28102       1       java.util.ServiceLoader::access$500 (5 bytes)
Event: 1027.531 Thread 0x000000001759d000 nmethod 28102 0x00000000036b6a90 code [0x00000000036b6be0, 0x00000000036b6cd0]
Event: 1027.540 Thread 0x000000001759d000 28103       3       com.android.build.gradle.tasks.ProcessApplicationManifest$CreationAction$$Lambda$245/195682070::transform (11 bytes)
Event: 1027.540 Thread 0x000000001759d000 nmethod 28103 0x0000000005f526d0 code [0x0000000005f52840, 0x0000000005f52b48]
Event: 1027.548 Thread 0x000000001759d000 28104       1       org.gradle.api.internal.artifacts.ivyservice.ivyresolve.CachingModuleComponentRepository::access$400 (5 bytes)
Event: 1027.548 Thread 0x000000001759d000 nmethod 28104 0x00000000036b67d0 code [0x00000000036b6920, 0x00000000036b6a10]
Event: 1027.548 Thread 0x000000001759d000 28105       1       org.gradle.internal.resolve.result.DefaultBuildableModuleVersionListingResolveResult::getState (5 bytes)
Event: 1027.549 Thread 0x000000001759d000 nmethod 28105 0x0000000005f52410 code [0x0000000005f52560, 0x0000000005f52670]
Event: 1027.561 Thread 0x000000001759a800 28106       4       org.gradle.api.internal.artifacts.ivyservice.resolveengine.graph.selectors.SelectorStateResolver::resolveRequireConstraint (57 bytes)

GC Heap History (10 events):
Event: 420.481 GC heap before
{Heap before GC invocations=28 (full 4):
 PSYoungGen      total 413184K, used 394028K [0x00000000e0000000, 0x0000000100000000, 0x0000000100000000)
  eden space 313344K, 100% used [0x00000000e0000000,0x00000000f3200000,0x00000000f3200000)
  from space 99840K, 80% used [0x00000000f3200000,0x00000000f80cb260,0x00000000f9380000)
  to   space 111104K, 0% used [0x00000000f9380000,0x00000000f9380000,0x0000000100000000)
 ParOldGen       total 370176K, used 309223K [0x00000000a0000000, 0x00000000b6980000, 0x00000000e0000000)
  object space 370176K, 83% used [0x00000000a0000000,0x00000000b2df9c60,0x00000000b6980000)
 Metaspace       used 138805K, capacity 144978K, committed 145064K, reserved 1175552K
  class space    used 17033K, capacity 18332K, committed 18344K, reserved 1048576K
Event: 420.541 GC heap after
Heap after GC invocations=28 (full 4):
 PSYoungGen      total 418816K, used 40763K [0x00000000e0000000, 0x0000000100000000, 0x0000000100000000)
  eden space 307712K, 0% used [0x00000000e0000000,0x00000000e0000000,0x00000000f2c80000)
  from space 111104K, 36% used [0x00000000f9380000,0x00000000fbb4edc0,0x0000000100000000)
  to   space 105472K, 0% used [0x00000000f2c80000,0x00000000f2c80000,0x00000000f9380000)
 ParOldGen       total 370176K, used 309231K [0x00000000a0000000, 0x00000000b6980000, 0x00000000e0000000)
  object space 370176K, 83% used [0x00000000a0000000,0x00000000b2dfbc60,0x00000000b6980000)
 Metaspace       used 138805K, capacity 144978K, committed 145064K, reserved 1175552K
  class space    used 17033K, capacity 18332K, committed 18344K, reserved 1048576K
}
Event: 850.892 GC heap before
{Heap before GC invocations=29 (full 4):
 PSYoungGen      total 418816K, used 348475K [0x00000000e0000000, 0x0000000100000000, 0x0000000100000000)
  eden space 307712K, 100% used [0x00000000e0000000,0x00000000f2c80000,0x00000000f2c80000)
  from space 111104K, 36% used [0x00000000f9380000,0x00000000fbb4edc0,0x0000000100000000)
  to   space 105472K, 0% used [0x00000000f2c80000,0x00000000f2c80000,0x00000000f9380000)
 ParOldGen       total 370176K, used 309231K [0x00000000a0000000, 0x00000000b6980000, 0x00000000e0000000)
  object space 370176K, 83% used [0x00000000a0000000,0x00000000b2dfbc60,0x00000000b6980000)
 Metaspace       used 139337K, capacity 145684K, committed 145960K, reserved 1177600K
  class space    used 17071K, capacity 18397K, committed 18472K, reserved 1048576K
Event: 850.942 GC heap after
Heap after GC invocations=29 (full 4):
 PSYoungGen      total 340480K, used 32281K [0x00000000e0000000, 0x00000000fee80000, 0x0000000100000000)
  eden space 307712K, 0% used [0x00000000e0000000,0x00000000e0000000,0x00000000f2c80000)
  from space 32768K, 98% used [0x00000000f2c80000,0x00000000f4c06458,0x00000000f4c80000)
  to   space 99328K, 0% used [0x00000000f8d80000,0x00000000f8d80000,0x00000000fee80000)
 ParOldGen       total 370176K, used 309239K [0x00000000a0000000, 0x00000000b6980000, 0x00000000e0000000)
  object space 370176K, 83% used [0x00000000a0000000,0x00000000b2dfdc60,0x00000000b6980000)
 Metaspace       used 139337K, capacity 145684K, committed 145960K, reserved 1177600K
  class space    used 17071K, capacity 18397K, committed 18472K, reserved 1048576K
}
Event: 855.383 GC heap before
{Heap before GC invocations=30 (full 4):
 PSYoungGen      total 340480K, used 339993K [0x00000000e0000000, 0x00000000fee80000, 0x0000000100000000)
  eden space 307712K, 100% used [0x00000000e0000000,0x00000000f2c80000,0x00000000f2c80000)
  from space 32768K, 98% used [0x00000000f2c80000,0x00000000f4c06458,0x00000000f4c80000)
  to   space 99328K, 0% used [0x00000000f8d80000,0x00000000f8d80000,0x00000000fee80000)
 ParOldGen       total 370176K, used 309239K [0x00000000a0000000, 0x00000000b6980000, 0x00000000e0000000)
  object space 370176K, 83% used [0x00000000a0000000,0x00000000b2dfdc60,0x00000000b6980000)
 Metaspace       used 145891K, capacity 152430K, committed 152872K, reserved 1183744K
  class space    used 17761K, capacity 19124K, committed 19240K, reserved 1048576K
Event: 855.632 GC heap after
Heap after GC invocations=30 (full 4):
 PSYoungGen      total 378880K, used 99303K [0x00000000e0000000, 0x0000000100000000, 0x0000000100000000)
  eden space 279552K, 0% used [0x00000000e0000000,0x00000000e0000000,0x00000000f1100000)
  from space 99328K, 99% used [0x00000000f8d80000,0x00000000fee79f78,0x00000000fee80000)
  to   space 122368K, 0% used [0x00000000f1100000,0x00000000f1100000,0x00000000f8880000)
 ParOldGen       total 370176K, used 324984K [0x00000000a0000000, 0x00000000b6980000, 0x00000000e0000000)
  object space 370176K, 87% used [0x00000000a0000000,0x00000000b3d5e380,0x00000000b6980000)
 Metaspace       used 145891K, capacity 152430K, committed 152872K, reserved 1183744K
  class space    used 17761K, capacity 19124K, committed 19240K, reserved 1048576K
}
Event: 855.632 GC heap before
{Heap before GC invocations=31 (full 5):
 PSYoungGen      total 378880K, used 99303K [0x00000000e0000000, 0x0000000100000000, 0x0000000100000000)
  eden space 279552K, 0% used [0x00000000e0000000,0x00000000e0000000,0x00000000f1100000)
  from space 99328K, 99% used [0x00000000f8d80000,0x00000000fee79f78,0x00000000fee80000)
  to   space 122368K, 0% used [0x00000000f1100000,0x00000000f1100000,0x00000000f8880000)
 ParOldGen       total 370176K, used 324984K [0x00000000a0000000, 0x00000000b6980000, 0x00000000e0000000)
  object space 370176K, 87% used [0x00000000a0000000,0x00000000b3d5e380,0x00000000b6980000)
 Metaspace       used 145891K, capacity 152430K, committed 152872K, reserved 1183744K
  class space    used 17761K, capacity 19124K, committed 19240K, reserved 1048576K
Event: 856.668 GC heap after
Heap after GC invocations=31 (full 5):
 PSYoungGen      total 378880K, used 0K [0x00000000e0000000, 0x0000000100000000, 0x0000000100000000)
  eden space 279552K, 0% used [0x00000000e0000000,0x00000000e0000000,0x00000000f1100000)
  from space 99328K, 0% used [0x00000000f8d80000,0x00000000f8d80000,0x00000000fee80000)
  to   space 122368K, 0% used [0x00000000f1100000,0x00000000f1100000,0x00000000f8880000)
 ParOldGen       total 445952K, used 201095K [0x00000000a0000000, 0x00000000bb380000, 0x00000000e0000000)
  object space 445952K, 45% used [0x00000000a0000000,0x00000000ac461f18,0x00000000bb380000)
 Metaspace       used 145802K, capacity 152216K, committed 152872K, reserved 1183744K
  class space    used 17729K, capacity 19069K, committed 19240K, reserved 1048576K
}
Event: 861.059 GC heap before
{Heap before GC invocations=32 (full 5):
 PSYoungGen      total 378880K, used 279552K [0x00000000e0000000, 0x0000000100000000, 0x0000000100000000)
  eden space 279552K, 100% used [0x00000000e0000000,0x00000000f1100000,0x00000000f1100000)
  from space 99328K, 0% used [0x00000000f8d80000,0x00000000f8d80000,0x00000000fee80000)
  to   space 122368K, 0% used [0x00000000f1100000,0x00000000f1100000,0x00000000f8880000)
 ParOldGen       total 445952K, used 201095K [0x00000000a0000000, 0x00000000bb380000, 0x00000000e0000000)
  object space 445952K, 45% used [0x00000000a0000000,0x00000000ac461f18,0x00000000bb380000)
 Metaspace       used 145882K, capacity 152290K, committed 152872K, reserved 1183744K
  class space    used 17730K, capacity 19070K, committed 19240K, reserved 1048576K
Event: 861.173 GC heap after
Heap after GC invocations=32 (full 5):
 PSYoungGen      total 401920K, used 57259K [0x00000000e0000000, 0x0000000100000000, 0x0000000100000000)
  eden space 279552K, 0% used [0x00000000e0000000,0x00000000e0000000,0x00000000f1100000)
  from space 122368K, 46% used [0x00000000f1100000,0x00000000f48eae30,0x00000000f8880000)
  to   space 119296K, 0% used [0x00000000f8b80000,0x00000000f8b80000,0x0000000100000000)
 ParOldGen       total 445952K, used 201103K [0x00000000a0000000, 0x00000000bb380000, 0x00000000e0000000)
  object space 445952K, 45% used [0x00000000a0000000,0x00000000ac463f18,0x00000000bb380000)
 Metaspace       used 145882K, capacity 152290K, committed 152872K, reserved 1183744K
  class space    used 17730K, capacity 19070K, committed 19240K, reserved 1048576K
}

Deoptimization events (10 events):
Event: 857.775 Thread 0x0000000018ed9000 Uncommon trap: reason=null_check action=make_not_entrant pc=0x0000000003a9bdd8 method=org.gradle.api.internal.tasks.properties.bean.AbstractNestedRuntimeBeanNode$BeanPropertyValue.isConfigurable()Z @ 9
Event: 857.786 Thread 0x000000001c48e000 Uncommon trap: reason=predicate action=maybe_recompile pc=0x0000000004432bbc method=java.util.TimSort.mergeHi(IIII)V @ 191
Event: 857.952 Thread 0x0000000018ed4800 Uncommon trap: reason=unstable_if action=reinterpret pc=0x000000000630b680 method=java.util.concurrent.ConcurrentHashMap.replaceNode(Ljava/lang/Object;Ljava/lang/Object;Ljava/lang/Object;)Ljava/lang/Object; @ 62
Event: 858.856 Thread 0x000000001d4ed000 Uncommon trap: reason=null_assert action=make_not_entrant pc=0x0000000006098498 method=org.gradle.internal.snapshot.impl.DefaultValueSnapshotter.processValue(Ljava/lang/Object;Lorg/gradle/internal/snapshot/impl/DefaultValueSnapshotter$ValueVisitor;)Ljava/
Event: 861.446 Thread 0x000000001d4ef800 Uncommon trap: reason=class_check action=maybe_recompile pc=0x000000000660f70c method=java.util.Collections$SetFromMap.isEmpty()Z @ 4
Event: 862.138 Thread 0x0000000018ed9000 Uncommon trap: reason=bimorphic action=maybe_recompile pc=0x0000000003ffa770 method=java.util.HashMap.removeNode(ILjava/lang/Object;Ljava/lang/Object;ZZ)Ljava/util/HashMap$Node; @ 143
Event: 862.152 Thread 0x0000000018ed9000 Uncommon trap: reason=bimorphic action=maybe_recompile pc=0x0000000002fce758 method=java.util.HashMap.removeNode(ILjava/lang/Object;Ljava/lang/Object;ZZ)Ljava/util/HashMap$Node; @ 143
Event: 1026.439 Thread 0x000000001c48a800 Uncommon trap: reason=null_check action=make_not_entrant pc=0x0000000006e2efa8 method=java.io.ObjectStreamClass.getField(Ljava/lang/String;Ljava/lang/Class;)Ljava/io/ObjectStreamField; @ 67
Event: 1026.439 Thread 0x000000001c48a800 Uncommon trap: reason=null_check action=make_not_entrant pc=0x0000000005de9790 method=java.io.ObjectStreamClass.getField(Ljava/lang/String;Ljava/lang/Class;)Ljava/io/ObjectStreamField; @ 67
Event: 1026.531 Thread 0x000000001c48c000 Uncommon trap: reason=bimorphic action=maybe_recompile pc=0x000000000327fc90 method=org.gradle.api.internal.attributes.DefaultImmutableAttributes.get()Ljava/lang/Object; @ 4

Classes redefined (0 events):
No events

Internal exceptions (10 events):
Event: 859.474 Thread 0x000000001d4ef800 Exception <a 'sun/nio/fs/WindowsException'> (0x00000000eaed6c70) thrown at [C:\src\AOSP-openjdk-git\hotspot\src\share\vm\prims\jni.cpp, line 710]
Event: 860.110 Thread 0x000000001d4ef800 Exception <a 'sun/nio/fs/WindowsException'> (0x00000000ecdc0110) thrown at [C:\src\AOSP-openjdk-git\hotspot\src\share\vm\prims\jni.cpp, line 710]
Event: 861.508 Thread 0x000000001d4ef800 Exception <a 'sun/nio/fs/WindowsException'> (0x00000000e12a3958) thrown at [C:\src\AOSP-openjdk-git\hotspot\src\share\vm\prims\jni.cpp, line 710]
Event: 862.105 Thread 0x0000000018ed9000 Exception <a 'sun/nio/fs/WindowsException'> (0x00000000e26d5968) thrown at [C:\src\AOSP-openjdk-git\hotspot\src\share\vm\prims\jni.cpp, line 710]
Event: 862.107 Thread 0x0000000018ed9000 Exception <a 'sun/nio/fs/WindowsException'> (0x00000000e26d7290) thrown at [C:\src\AOSP-openjdk-git\hotspot\src\share\vm\prims\jni.cpp, line 710]
Event: 862.109 Thread 0x0000000018ed9000 Exception <a 'sun/nio/fs/WindowsException'> (0x00000000e26d8bc0) thrown at [C:\src\AOSP-openjdk-git\hotspot\src\share\vm\prims\jni.cpp, line 710]
Event: 862.109 Thread 0x0000000018ed9000 Exception <a 'sun/nio/fs/WindowsException'> (0x00000000e26da4f0) thrown at [C:\src\AOSP-openjdk-git\hotspot\src\share\vm\prims\jni.cpp, line 710]
Event: 862.110 Thread 0x0000000018ed9000 Exception <a 'sun/nio/fs/WindowsException'> (0x00000000e26dbe18) thrown at [C:\src\AOSP-openjdk-git\hotspot\src\share\vm\prims\jni.cpp, line 710]
Event: 862.111 Thread 0x0000000018ed9000 Exception <a 'sun/nio/fs/WindowsException'> (0x00000000e26dd740) thrown at [C:\src\AOSP-openjdk-git\hotspot\src\share\vm\prims\jni.cpp, line 710]
Event: 1027.011 Thread 0x000000001c48c000 Exception <a 'sun/nio/fs/WindowsException'> (0x00000000e37712d8) thrown at [C:\src\AOSP-openjdk-git\hotspot\src\share\vm\prims\jni.cpp, line 710]

Events (10 events):
Event: 1026.687 Thread 0x0000000018ed4000 Thread added: 0x0000000018ed4000
Event: 1026.687 Thread 0x0000000018ed1000 Thread added: 0x0000000018ed1000
Event: 1026.688 Thread 0x0000000018ecf800 Thread added: 0x0000000018ecf800
Event: 1026.791 Executing VM operation: RevokeBias
Event: 1026.792 Executing VM operation: RevokeBias done
Event: 1027.024 Thread 0x0000000018ed8800 Thread added: 0x0000000018ed8800
Event: 1027.027 Thread 0x0000000018ed9000 Thread added: 0x0000000018ed9000
Event: 1027.168 Executing VM operation: RevokeBias
Event: 1027.169 Executing VM operation: RevokeBias done
Event: 1027.468 Thread 0x0000000018ed2800 Thread added: 0x0000000018ed2800


Dynamic libraries:
0x00007ff6b24e0000 - 0x00007ff6b2511000 	D:\Program Files\Android\Android Studio\jre\bin\java.exe
0x00007ffdfb960000 - 0x00007ffdfbb50000 	C:\WINDOWS\SYSTEM32\ntdll.dll
0x00007ffdf9d60000 - 0x00007ffdf9e12000 	C:\WINDOWS\System32\KERNEL32.DLL
0x00007ffdf88f0000 - 0x00007ffdf8b94000 	C:\WINDOWS\System32\KERNELBASE.dll
0x00007ffdf9e20000 - 0x00007ffdf9ec3000 	C:\WINDOWS\System32\ADVAPI32.dll
0x00007ffdfa7e0000 - 0x00007ffdfa87e000 	C:\WINDOWS\System32\msvcrt.dll
0x00007ffdf9ca0000 - 0x00007ffdf9d37000 	C:\WINDOWS\System32\sechost.dll
0x00007ffdf9a10000 - 0x00007ffdf9b30000 	C:\WINDOWS\System32\RPCRT4.dll
0x00007ffdf9ed0000 - 0x00007ffdfa064000 	C:\WINDOWS\System32\USER32.dll
0x00007ffdf91e0000 - 0x00007ffdf9201000 	C:\WINDOWS\System32\win32u.dll
0x00007ffdf9c10000 - 0x00007ffdf9c36000 	C:\WINDOWS\System32\GDI32.dll
0x00007ffdf8ff0000 - 0x00007ffdf9184000 	C:\WINDOWS\System32\gdi32full.dll
0x00007ffdf8f20000 - 0x00007ffdf8fbe000 	C:\WINDOWS\System32\msvcp_win.dll
0x00007ffdf8d50000 - 0x00007ffdf8e4a000 	C:\WINDOWS\System32\ucrtbase.dll
0x00007ffde6680000 - 0x00007ffde6904000 	C:\WINDOWS\WinSxS\amd64_microsoft.windows.common-controls_6595b64144ccf1df_6.0.18362.836_none_e6c4b943130f18ed\COMCTL32.dll
0x00007ffdfb170000 - 0x00007ffdfb4a6000 	C:\WINDOWS\System32\combase.dll
0x00007ffdf9210000 - 0x00007ffdf9290000 	C:\WINDOWS\System32\bcryptPrimitives.dll
0x00007ffdf9b30000 - 0x00007ffdf9b5e000 	C:\WINDOWS\System32\IMM32.DLL
0x0000000075ca0000 - 0x0000000075d72000 	D:\Program Files\Android\Android Studio\jre\jre\bin\msvcr100.dll
0x0000000075e90000 - 0x00000000766db000 	D:\Program Files\Android\Android Studio\jre\jre\bin\server\jvm.dll
0x00007ffdfaad0000 - 0x00007ffdfaad8000 	C:\WINDOWS\System32\PSAPI.DLL
0x00007ffdf77c0000 - 0x00007ffdf77c9000 	C:\WINDOWS\SYSTEM32\WSOCK32.dll
0x00007ffdfa9e0000 - 0x00007ffdfaa4f000 	C:\WINDOWS\System32\WS2_32.dll
0x00007ffdf0a50000 - 0x00007ffdf0a74000 	C:\WINDOWS\SYSTEM32\WINMM.dll
0x00007ffdf2970000 - 0x00007ffdf297a000 	C:\WINDOWS\SYSTEM32\VERSION.dll
0x00007ffdf0800000 - 0x00007ffdf082d000 	C:\WINDOWS\SYSTEM32\WINMMBASE.dll
0x00007ffdf9190000 - 0x00007ffdf91da000 	C:\WINDOWS\System32\cfgmgr32.dll
0x00007ffdf4e20000 - 0x00007ffdf4e2f000 	D:\Program Files\Android\Android Studio\jre\jre\bin\verify.dll
0x00007ffdf49b0000 - 0x00007ffdf49d9000 	D:\Program Files\Android\Android Studio\jre\jre\bin\java.dll
0x00007ffdf0220000 - 0x00007ffdf0236000 	D:\Program Files\Android\Android Studio\jre\jre\bin\zip.dll
0x00007ffdfa0f0000 - 0x00007ffdfa7d4000 	C:\WINDOWS\System32\SHELL32.dll
0x00007ffdf9b60000 - 0x00007ffdf9c09000 	C:\WINDOWS\System32\shcore.dll
0x00007ffdf9290000 - 0x00007ffdf9a0e000 	C:\WINDOWS\System32\windows.storage.dll
0x00007ffdf8850000 - 0x00007ffdf8873000 	C:\WINDOWS\System32\profapi.dll
0x00007ffdf8880000 - 0x00007ffdf88ca000 	C:\WINDOWS\System32\powrprof.dll
0x00007ffdf8820000 - 0x00007ffdf8830000 	C:\WINDOWS\System32\UMPDC.dll
0x00007ffdf9c40000 - 0x00007ffdf9c92000 	C:\WINDOWS\System32\shlwapi.dll
0x00007ffdf88d0000 - 0x00007ffdf88e1000 	C:\WINDOWS\System32\kernel.appcore.dll
0x00007ffdf8e50000 - 0x00007ffdf8e67000 	C:\WINDOWS\System32\cryptsp.dll
0x00007ffdef4b0000 - 0x00007ffdef4ca000 	D:\Program Files\Android\Android Studio\jre\jre\bin\net.dll
0x00007ffdf8090000 - 0x00007ffdf80f7000 	C:\WINDOWS\system32\mswsock.dll
0x00007ffdef280000 - 0x00007ffdef293000 	D:\Program Files\Android\Android Studio\jre\jre\bin\nio.dll
0x00007ffdefb50000 - 0x00007ffdefb76000 	C:\Users\Grechur\.gradle\native\30\windows-amd64\native-platform.dll
0x00007ffdf14b0000 - 0x00007ffdf14bd000 	D:\Program Files\Android\Android Studio\jre\jre\bin\management.dll
0x00007ffdf7c00000 - 0x00007ffdf7c33000 	C:\WINDOWS\system32\rsaenh.dll
0x00007ffdf8fc0000 - 0x00007ffdf8fe6000 	C:\WINDOWS\System32\bcrypt.dll
0x00007ffdf8740000 - 0x00007ffdf8765000 	C:\WINDOWS\SYSTEM32\USERENV.dll
0x00007ffdf8260000 - 0x00007ffdf826c000 	C:\WINDOWS\SYSTEM32\CRYPTBASE.dll
0x00007ffdf7da0000 - 0x00007ffdf7dda000 	C:\WINDOWS\SYSTEM32\IPHLPAPI.DLL
0x00007ffdfaac0000 - 0x00007ffdfaac8000 	C:\WINDOWS\System32\NSI.dll
0x00007ffdf1e70000 - 0x00007ffdf1e86000 	C:\WINDOWS\SYSTEM32\dhcpcsvc6.DLL
0x00007ffdf2710000 - 0x00007ffdf272c000 	C:\WINDOWS\SYSTEM32\dhcpcsvc.DLL
0x00007ffdf7de0000 - 0x00007ffdf7eab000 	C:\WINDOWS\SYSTEM32\DNSAPI.dll
0x00007ffddb0c0000 - 0x00007ffddb0e4000 	D:\Program Files\Android\Android Studio\jre\jre\bin\sunec.dll
0x00007ffde70c0000 - 0x00007ffde70ca000 	C:\Windows\System32\rasadhlp.dll
0x00007ffdf1080000 - 0x00007ffdf10f7000 	C:\WINDOWS\System32\fwpuclnt.dll
0x00007ffdf76d0000 - 0x00007ffdf7701000 	C:\WINDOWS\SYSTEM32\ntmarta.dll

VM Arguments:
jvm_args: -Xmx1536m -Dfile.encoding=UTF-8 -Duser.country=CN -Duser.language=zh -Duser.variant 
java_command: org.gradle.launcher.daemon.bootstrap.GradleDaemon 5.6.4
java_class_path (initial): C:\Users\Grechur\.gradle\wrapper\dists\gradle-5.6.4-all\ankdp27end7byghfw1q2sw75f\gradle-5.6.4\lib\gradle-launcher-5.6.4.jar
Launcher Type: SUN_STANDARD

Environment Variables:
JAVA_HOME=D:\Program Files\Java\jdk1.8.0_181
CLASSPATH=.;D:\Program Files\Java\jdk1.8.0_181\lib\dt.jar;D:\Program Files\Java\jdk1.8.0_181\lib\tools.jar;D:\aspectj1.9\lib\aspectjrt.jar;D:\Program Files\apache-tomcat-9.0.33\lib\servlet-api.jar;
PATH=D:\Program Files (x86)\;D:\Program Files (x86)\xshell6\;C:\Program Files (x86)\Common Files\Oracle\Java\javapath;C:\Program Files (x86)\Intel\iCLS Client\;C:\Program Files\Intel\iCLS Client\;C:\Windows\system32;C:\Windows;C:\Windows\System32\Wbem;C:\Windows\System32\WindowsPowerShell\v1.0\;C:\Program Files (x86)\Intel\Intel(R) Management Engine Components\DAL;C:\Program Files\Intel\Intel(R) Management Engine Components\DAL;C:\Program Files (x86)\Intel\Intel(R) Management Engine Components\IPT;C:\Program Files\Intel\Intel(R) Management Engine Components\IPT;C:\Program Files (x86)\NVIDIA Corporation\PhysX\Common;C:\Program Files\Intel\WiFi\bin\;C:\Program Files\Common Files\Intel\WirelessCommon\;C:\Program Files\Acer ProShield\;C:\Program Files\Acer ProShield\x86;D:\Program Files\Java\jdk1.8.0_181\jre\Bin;D:\Program Files\Java\jdk1.8.0_181\Bin;C:\Users\Grechur\AppData\Local\Android\Sdk\platform-tools;C:\Users\Grechur\AppData\Local\Android\Sdk\tools;D:\Program Files\Git\cmd;D:\flutter\flutter\bin;D:\aspectj1.9\bin;C:\Users\Grechur\.gradle\wrapper\dists\gradle-3.3-all\55gk2rcmfc6p2dg9u9ohc3hw9\gradle-3.3\bin;C:\WINDOWS\system32;C:\WINDOWS;C:\WINDOWS\System32\Wbem;C:\WINDOWS\System32\WindowsPowerShell\v1.0\;C:\WINDOWS\System32\OpenSSH\;D:\apache-groovy-sdk-2.5.5\groovy-2.5.5\bin;D:\Program Files\apache-tomcat-9.0.33\bin;C:\Users\Grechur\AppData\Local\Microsoft\WindowsApps;C:\Users\Grechur\AppData\Local\BypassRuntm;%USERPROFILE%\AppData\Local\Microsoft\WindowsApps;
USERNAME=Grechur
OS=Windows_NT
PROCESSOR_IDENTIFIER=Intel64 Family 6 Model 142 Stepping 9, GenuineIntel



---------------  S Y S T E M  ---------------

OS: Windows 10.0 , 64 bit Build 18362 (10.0.18362.778)

CPU:total 4 (initial active 4) (2 cores per cpu, 2 threads per core) family 6 model 142 stepping 9, cmov, cx8, fxsr, mmx, sse, sse2, sse3, ssse3, sse4.1, sse4.2, popcnt, avx, avx2, aes, clmul, erms, 3dnowpref, lzcnt, ht, tsc, tscinvbit, bmi1, bmi2, adx

Memory: 4k page, physical 16642280k(803780k free), swap 32166884k(5888k free)

vm_info: OpenJDK 64-Bit Server VM (25.242-b01) for windows-amd64 JRE (1.8.0_242-release-1644-b01), built by "builder" with MS VC++ 10.0 (VS2010)

time: Thu Jun 11 17:41:38 2020
timezone: 中国标准时间
elapsed time: 1027 seconds (0d 0h 17m 7s)

